# JRE version: OpenJDK Runtime Environment (8.0_202-b03) (build 1.8.0_202-release-1483-b03)
# Java VM: OpenJDK 64-Bit Server VM (25.202-b03 mixed mode windows-amd64 compressed oops)
Heap:
 PSYoungGen      total 396800K, used 192124K [0x00000000e0000000, 0x00000000fa880000, 0x0000000100000000)
  eden space 370688K, 45% used [0x00000000e0000000,0x00000000ea5e3ee8,0x00000000f6a00000)
  from space 26112K, 85% used [0x00000000f8580000,0x00000000f9b3b368,0x00000000f9f00000)
  to   space 28160K, 0% used [0x00000000f6a00000,0x00000000f6a00000,0x00000000f8580000)
 ParOldGen       total 137216K, used 43005K [0x00000000a0000000, 0x00000000a8600000, 0x00000000e0000000)
  object space 137216K, 31% used [0x00000000a0000000,0x00000000a29ff4f0,0x00000000a8600000)
 Metaspace       used 74419K, capacity 77371K, committed 77400K, reserved 1116160K
  class space    used 9736K, capacity 10341K, committed 10368K, reserved 1048576K
GC Heap History (10 events):
Event: 264.016 GC heap before
{Heap before GC invocations=21 (full 3):
 PSYoungGen      total 257024K, used 247038K [0x00000000e0000000, 0x00000000f3300000, 0x0000000100000000)
  eden space 235008K, 100% used [0x00000000e0000000,0x00000000ee580000,0x00000000ee580000)
  from space 22016K, 54% used [0x00000000ee580000,0x00000000ef13fbb8,0x00000000efb00000)
  to   space 22016K, 0% used [0x00000000f1d80000,0x00000000f1d80000,0x00000000f3300000)
 ParOldGen       total 137216K, used 42997K [0x00000000a0000000, 0x00000000a8600000, 0x00000000e0000000)
  object space 137216K, 31% used [0x00000000a0000000,0x00000000a29fd4f0,0x00000000a8600000)
 Metaspace       used 74231K, capacity 77201K, committed 77400K, reserved 1116160K
  class space    used 9731K, capacity 10334K, committed 10368K, reserved 1048576K
Event: 264.067 GC heap after
Heap after GC invocations=21 (full 3):
 PSYoungGen      total 292864K, used 12709K [0x00000000e0000000, 0x00000000f3600000, 0x0000000100000000)
  eden space 270848K, 0% used [0x00000000e0000000,0x00000000e0000000,0x00000000f0880000)
  from space 22016K, 57% used [0x00000000f1d80000,0x00000000f29e9508,0x00000000f3300000)
  to   space 21504K, 0% used [0x00000000f0880000,0x00000000f0880000,0x00000000f1d80000)
 ParOldGen       total 137216K, used 42997K [0x00000000a0000000, 0x00000000a8600000, 0x00000000e0000000)
  object space 137216K, 31% used [0x00000000a0000000,0x00000000a29fd4f0,0x00000000a8600000)
 Metaspace       used 74231K, capacity 77201K, committed 77400K, reserved 1116160K
  class space    used 9731K, capacity 10334K, committed 10368K, reserved 1048576K
}
Event: 266.293 GC heap before
{Heap before GC invocations=22 (full 3):
 PSYoungGen      total 292864K, used 283557K [0x00000000e0000000, 0x00000000f3600000, 0x0000000100000000)
  eden space 270848K, 100% used [0x00000000e0000000,0x00000000f0880000,0x00000000f0880000)
  from space 22016K, 57% used [0x00000000f1d80000,0x00000000f29e9508,0x00000000f3300000)
  to   space 21504K, 0% used [0x00000000f0880000,0x00000000f0880000,0x00000000f1d80000)
 ParOldGen       total 137216K, used 42997K [0x00000000a0000000, 0x00000000a8600000, 0x00000000e0000000)
  object space 137216K, 31% used [0x00000000a0000000,0x00000000a29fd4f0,0x00000000a8600000)
 Metaspace       used 74289K, capacity 77205K, committed 77400K, reserved 1116160K
  class space    used 9731K, capacity 10334K, committed 10368K, reserved 1048576K
Event: 266.368 GC heap after
Heap after GC invocations=22 (full 3):
 PSYoungGen      total 292352K, used 17001K [0x00000000e0000000, 0x00000000f6480000, 0x0000000100000000)
  eden space 270848K, 0% used [0x00000000e0000000,0x00000000e0000000,0x00000000f0880000)
  from space 21504K, 79% used [0x00000000f0880000,0x00000000f191a4f0,0x00000000f1d80000)
  to   space 23040K, 0% used [0x00000000f4e00000,0x00000000f4e00000,0x00000000f6480000)
 ParOldGen       total 137216K, used 42997K [0x00000000a0000000, 0x00000000a8600000, 0x00000000e0000000)
  object space 137216K, 31% used [0x00000000a0000000,0x00000000a29fd4f0,0x00000000a8600000)
 Metaspace       used 74289K, capacity 77205K, committed 77400K, reserved 1116160K
  class space    used 9731K, capacity 10334K, committed 10368K, reserved 1048576K
}
Event: 267.961 GC heap before
{Heap before GC invocations=23 (full 3):
 PSYoungGen      total 292352K, used 287849K [0x00000000e0000000, 0x00000000f6480000, 0x0000000100000000)
  eden space 270848K, 100% used [0x00000000e0000000,0x00000000f0880000,0x00000000f0880000)
  from space 21504K, 79% used [0x00000000f0880000,0x00000000f191a4f0,0x00000000f1d80000)
  to   space 23040K, 0% used [0x00000000f4e00000,0x00000000f4e00000,0x00000000f6480000)
 ParOldGen       total 137216K, used 42997K [0x00000000a0000000, 0x00000000a8600000, 0x00000000e0000000)
  object space 137216K, 31% used [0x00000000a0000000,0x00000000a29fd4f0,0x00000000a8600000)
 Metaspace       used 74371K, capacity 77289K, committed 77400K, reserved 1116160K
  class space    used 9734K, capacity 10338K, committed 10368K, reserved 1048576K
Event: 268.000 GC heap after
Heap after GC invocations=23 (full 3):
 PSYoungGen      total 340480K, used 17540K [0x00000000e0000000, 0x00000000f6780000, 0x0000000100000000)
  eden space 317440K, 0% used [0x00000000e0000000,0x00000000e0000000,0x00000000f3600000)
  from space 23040K, 76% used [0x00000000f4e00000,0x00000000f5f213b8,0x00000000f6480000)
  to   space 24576K, 0% used [0x00000000f3600000,0x00000000f3600000,0x00000000f4e00000)
 ParOldGen       total 137216K, used 42997K [0x00000000a0000000, 0x00000000a8600000, 0x00000000e0000000)
  object space 137216K, 31% used [0x00000000a0000000,0x00000000a29fd4f0,0x00000000a8600000)
 Metaspace       used 74371K, capacity 77289K, committed 77400K, reserved 1116160K
  class space    used 9734K, capacity 10338K, committed 10368K, reserved 1048576K
}
Event: 269.703 GC heap before
{Heap before GC invocations=24 (full 3):
 PSYoungGen      total 340480K, used 334980K [0x00000000e0000000, 0x00000000f6780000, 0x0000000100000000)
  eden space 317440K, 100% used [0x00000000e0000000,0x00000000f3600000,0x00000000f3600000)
  from space 23040K, 76% used [0x00000000f4e00000,0x00000000f5f213b8,0x00000000f6480000)
  to   space 24576K, 0% used [0x00000000f3600000,0x00000000f3600000,0x00000000f4e00000)
 ParOldGen       total 137216K, used 42997K [0x00000000a0000000, 0x00000000a8600000, 0x00000000e0000000)
  object space 137216K, 31% used [0x00000000a0000000,0x00000000a29fd4f0,0x00000000a8600000)
 Metaspace       used 74391K, capacity 77289K, committed 77400K, reserved 1116160K
  class space    used 9734K, capacity 10338K, committed 10368K, reserved 1048576K
Event: 269.742 GC heap after
Heap after GC invocations=24 (full 3):
 PSYoungGen      total 342016K, used 19123K [0x00000000e0000000, 0x00000000f9f00000, 0x0000000100000000)
  eden space 317440K, 0% used [0x00000000e0000000,0x00000000e0000000,0x00000000f3600000)
  from space 24576K, 77% used [0x00000000f3600000,0x00000000f48acec0,0x00000000f4e00000)
  to   space 26112K, 0% used [0x00000000f8580000,0x00000000f8580000,0x00000000f9f00000)
 ParOldGen       total 137216K, used 42997K [0x00000000a0000000, 0x00000000a8600000, 0x00000000e0000000)
  object space 137216K, 31% used [0x00000000a0000000,0x00000000a29fd4f0,0x00000000a8600000)
 Metaspace       used 74391K, capacity 77289K, committed 77400K, reserved 1116160K
  class space    used 9734K, capacity 10338K, committed 10368K, reserved 1048576K
}
Event: 271.264 GC heap before
{Heap before GC invocations=25 (full 3):
 PSYoungGen      total 342016K, used 336563K [0x00000000e0000000, 0x00000000f9f00000, 0x0000000100000000)
  eden space 317440K, 100% used [0x00000000e0000000,0x00000000f3600000,0x00000000f3600000)
  from space 24576K, 77% used [0x00000000f3600000,0x00000000f48acec0,0x00000000f4e00000)
  to   space 26112K, 0% used [0x00000000f8580000,0x00000000f8580000,0x00000000f9f00000)
 ParOldGen       total 137216K, used 42997K [0x00000000a0000000, 0x00000000a8600000, 0x00000000e0000000)
  object space 137216K, 31% used [0x00000000a0000000,0x00000000a29fd4f0,0x00000000a8600000)
 Metaspace       used 74414K, capacity 77307K, committed 77400K, reserved 1116160K
  class space    used 9735K, capacity 10341K, committed 10368K, reserved 1048576K
Event: 271.332 GC heap after
Heap after GC invocations=25 (full 3):
 PSYoungGen      total 396800K, used 22252K [0x00000000e0000000, 0x00000000fa880000, 0x0000000100000000)
  eden space 370688K, 0% used [0x00000000e0000000,0x00000000e0000000,0x00000000f6a00000)
  from space 26112K, 85% used [0x00000000f8580000,0x00000000f9b3b368,0x00000000f9f00000)
  to   space 28160K, 0% used [0x00000000f6a00000,0x00000000f6a00000,0x00000000f8580000)
 ParOldGen       total 137216K, used 43005K [0x00000000a0000000, 0x00000000a8600000, 0x00000000e0000000)
  object space 137216K, 31% used [0x00000000a0000000,0x00000000a29ff4f0,0x00000000a8600000)
 Metaspace       used 74414K, capacity 77307K, committed 77400K, reserved 1116160K
  class space    used 9735K, capacity 10341K, committed 10368K, reserved 1048576K
}

