# JRE version: OpenJDK Runtime Environment (8.0_202-b03) (build 1.8.0_202-release-1483-b03)
# Java VM: OpenJDK 64-Bit Server VM (25.202-b03 mixed mode windows-amd64 compressed oops)
Heap:
 PSYoungGen      total 265728K, used 84588K [0x00000000e0000000, 0x00000000f2380000, 0x0000000100000000)
  eden space 244736K, 25% used [0x00000000e0000000,0x00000000e3e1bac8,0x00000000eef00000)
  from space 20992K, 99% used [0x00000000f0780000,0x00000000f1bff8c0,0x00000000f1c00000)
  to   space 25088K, 0% used [0x00000000eef00000,0x00000000eef00000,0x00000000f0780000)
 ParOldGen       total 132608K, used 51241K [0x00000000a0000000, 0x00000000a8180000, 0x00000000e0000000)
  object space 132608K, 38% used [0x00000000a0000000,0x00000000a320a638,0x00000000a8180000)
 Metaspace       used 91424K, capacity 95912K, committed 96000K, reserved 1132544K
  class space    used 11893K, capacity 12762K, committed 12800K, reserved 1048576K
GC Heap History (10 events):
Event: 44.708 GC heap before
{Heap before GC invocations=17 (full 3):
 PSYoungGen      total 194560K, used 191589K [0x00000000e0000000, 0x00000000ef480000, 0x0000000100000000)
  eden space 177664K, 100% used [0x00000000e0000000,0x00000000ead80000,0x00000000ead80000)
  from space 16896K, 82% used [0x00000000ead80000,0x00000000ebb19400,0x00000000ebe00000)
  to   space 17920K, 0% used [0x00000000ee300000,0x00000000ee300000,0x00000000ef480000)
 ParOldGen       total 132608K, used 30463K [0x00000000a0000000, 0x00000000a8180000, 0x00000000e0000000)
  object space 132608K, 22% used [0x00000000a0000000,0x00000000a1dbfd28,0x00000000a8180000)
 Metaspace       used 72421K, capacity 75232K, committed 75392K, reserved 1114112K
  class space    used 9490K, capacity 10091K, committed 10112K, reserved 1048576K
Event: 44.737 GC heap after
Heap after GC invocations=17 (full 3):
 PSYoungGen      total 226304K, used 17895K [0x00000000e0000000, 0x00000000ef680000, 0x0000000100000000)
  eden space 208384K, 0% used [0x00000000e0000000,0x00000000e0000000,0x00000000ecb80000)
  from space 17920K, 99% used [0x00000000ee300000,0x00000000ef479c00,0x00000000ef480000)
  to   space 22016K, 0% used [0x00000000ecb80000,0x00000000ecb80000,0x00000000ee100000)
 ParOldGen       total 132608K, used 34954K [0x00000000a0000000, 0x00000000a8180000, 0x00000000e0000000)
  object space 132608K, 26% used [0x00000000a0000000,0x00000000a2222b70,0x00000000a8180000)
 Metaspace       used 72421K, capacity 75232K, committed 75392K, reserved 1114112K
  class space    used 9490K, capacity 10091K, committed 10112K, reserved 1048576K
}
Event: 125.946 GC heap before
{Heap before GC invocations=18 (full 3):
 PSYoungGen      total 226304K, used 226279K [0x00000000e0000000, 0x00000000ef680000, 0x0000000100000000)
  eden space 208384K, 100% used [0x00000000e0000000,0x00000000ecb80000,0x00000000ecb80000)
  from space 17920K, 99% used [0x00000000ee300000,0x00000000ef479c00,0x00000000ef480000)
  to   space 22016K, 0% used [0x00000000ecb80000,0x00000000ecb80000,0x00000000ee100000)
 ParOldGen       total 132608K, used 34954K [0x00000000a0000000, 0x00000000a8180000, 0x00000000e0000000)
  object space 132608K, 26% used [0x00000000a0000000,0x00000000a2222b70,0x00000000a8180000)
 Metaspace       used 75328K, capacity 78646K, committed 78976K, reserved 1118208K
  class space    used 9826K, capacity 10501K, committed 10624K, reserved 1048576K
Event: 126.005 GC heap after
Heap after GC invocations=18 (full 3):
 PSYoungGen      total 230400K, used 6258K [0x00000000e0000000, 0x00000000f1280000, 0x0000000100000000)
  eden space 208384K, 0% used [0x00000000e0000000,0x00000000e0000000,0x00000000ecb80000)
  from space 22016K, 28% used [0x00000000ecb80000,0x00000000ed19c848,0x00000000ee100000)
  to   space 21504K, 0% used [0x00000000efd80000,0x00000000efd80000,0x00000000f1280000)
 ParOldGen       total 132608K, used 48359K [0x00000000a0000000, 0x00000000a8180000, 0x00000000e0000000)
  object space 132608K, 36% used [0x00000000a0000000,0x00000000a2f39e20,0x00000000a8180000)
 Metaspace       used 75328K, capacity 78646K, committed 78976K, reserved 1118208K
  class space    used 9826K, capacity 10501K, committed 10624K, reserved 1048576K
}
Event: 215.769 GC heap before
{Heap before GC invocations=19 (full 3):
 PSYoungGen      total 230400K, used 214642K [0x00000000e0000000, 0x00000000f1280000, 0x0000000100000000)
  eden space 208384K, 100% used [0x00000000e0000000,0x00000000ecb80000,0x00000000ecb80000)
  from space 22016K, 28% used [0x00000000ecb80000,0x00000000ed19c848,0x00000000ee100000)
  to   space 21504K, 0% used [0x00000000efd80000,0x00000000efd80000,0x00000000f1280000)
 ParOldGen       total 132608K, used 48359K [0x00000000a0000000, 0x00000000a8180000, 0x00000000e0000000)
  object space 132608K, 36% used [0x00000000a0000000,0x00000000a2f39e20,0x00000000a8180000)
 Metaspace       used 76463K, capacity 80086K, committed 80384K, reserved 1120256K
  class space    used 9937K, capacity 10677K, committed 10752K, reserved 1048576K
Event: 215.813 GC heap after
Heap after GC invocations=19 (full 3):
 PSYoungGen      total 249344K, used 14702K [0x00000000e0000000, 0x00000000f0e00000, 0x0000000100000000)
  eden space 232448K, 0% used [0x00000000e0000000,0x00000000e0000000,0x00000000ee300000)
  from space 16896K, 87% used [0x00000000efd80000,0x00000000f0bdb8b0,0x00000000f0e00000)
  to   space 22016K, 0% used [0x00000000ee300000,0x00000000ee300000,0x00000000ef880000)
 ParOldGen       total 132608K, used 48367K [0x00000000a0000000, 0x00000000a8180000, 0x00000000e0000000)
  object space 132608K, 36% used [0x00000000a0000000,0x00000000a2f3be20,0x00000000a8180000)
 Metaspace       used 76463K, capacity 80086K, committed 80384K, reserved 1120256K
  class space    used 9937K, capacity 10677K, committed 10752K, reserved 1048576K
}
Event: 225.203 GC heap before
{Heap before GC invocations=20 (full 3):
 PSYoungGen      total 249344K, used 247150K [0x00000000e0000000, 0x00000000f0e00000, 0x0000000100000000)
  eden space 232448K, 100% used [0x00000000e0000000,0x00000000ee300000,0x00000000ee300000)
  from space 16896K, 87% used [0x00000000efd80000,0x00000000f0bdb8b0,0x00000000f0e00000)
  to   space 22016K, 0% used [0x00000000ee300000,0x00000000ee300000,0x00000000ef880000)
 ParOldGen       total 132608K, used 48367K [0x00000000a0000000, 0x00000000a8180000, 0x00000000e0000000)
  object space 132608K, 36% used [0x00000000a0000000,0x00000000a2f3be20,0x00000000a8180000)
 Metaspace       used 77359K, capacity 81044K, committed 81280K, reserved 1120256K
  class space    used 10017K, capacity 10762K, committed 10880K, reserved 1048576K
Event: 225.250 GC heap after
Heap after GC invocations=20 (full 3):
 PSYoungGen      total 254464K, used 9580K [0x00000000e0000000, 0x00000000f1c00000, 0x0000000100000000)
  eden space 232448K, 0% used [0x00000000e0000000,0x00000000e0000000,0x00000000ee300000)
  from space 22016K, 43% used [0x00000000ee300000,0x00000000eec5b198,0x00000000ef880000)
  to   space 20992K, 0% used [0x00000000f0780000,0x00000000f0780000,0x00000000f1c00000)
 ParOldGen       total 132608K, used 48375K [0x00000000a0000000, 0x00000000a8180000, 0x00000000e0000000)
  object space 132608K, 36% used [0x00000000a0000000,0x00000000a2f3de20,0x00000000a8180000)
 Metaspace       used 77359K, capacity 81044K, committed 81280K, reserved 1120256K
  class space    used 10017K, capacity 10762K, committed 10880K, reserved 1048576K
}
Event: 238.763 GC heap before
{Heap before GC invocations=21 (full 3):
 PSYoungGen      total 254464K, used 242028K [0x00000000e0000000, 0x00000000f1c00000, 0x0000000100000000)
  eden space 232448K, 100% used [0x00000000e0000000,0x00000000ee300000,0x00000000ee300000)
  from space 22016K, 43% used [0x00000000ee300000,0x00000000eec5b198,0x00000000ef880000)
  to   space 20992K, 0% used [0x00000000f0780000,0x00000000f0780000,0x00000000f1c00000)
 ParOldGen       total 132608K, used 48375K [0x00000000a0000000, 0x00000000a8180000, 0x00000000e0000000)
  object space 132608K, 36% used [0x00000000a0000000,0x00000000a2f3de20,0x00000000a8180000)
 Metaspace       used 89135K, capacity 93304K, committed 93440K, reserved 1130496K
  class space    used 11613K, capacity 12426K, committed 12544K, reserved 1048576K
Event: 238.832 GC heap after
Heap after GC invocations=21 (full 3):
 PSYoungGen      total 265728K, used 20990K [0x00000000e0000000, 0x00000000f2380000, 0x0000000100000000)
  eden space 244736K, 0% used [0x00000000e0000000,0x00000000e0000000,0x00000000eef00000)
  from space 20992K, 99% used [0x00000000f0780000,0x00000000f1bff8c0,0x00000000f1c00000)
  to   space 25088K, 0% used [0x00000000eef00000,0x00000000eef00000,0x00000000f0780000)
 ParOldGen       total 132608K, used 51241K [0x00000000a0000000, 0x00000000a8180000, 0x00000000e0000000)
  object space 132608K, 38% used [0x00000000a0000000,0x00000000a320a638,0x00000000a8180000)
 Metaspace       used 89135K, capacity 93304K, committed 93440K, reserved 1130496K
  class space    used 11613K, capacity 12426K, committed 12544K, reserved 1048576K
}

